#
# A fatal error has been detected by the Java Runtime Environment:
#
#  Internal Error (classFileParser.cpp:3494), pid=5044, tid=6592
#  Error: ShouldNotReachHere()
#
# JRE version: 6.0_29-b11
# Java VM: Java HotSpot(TM) 64-Bit Server VM (20.4-b02 mixed mode windows-amd64 compressed oops)
# If you would like to submit a bug report, please visit:
#   http://java.sun.com/webapps/bugreport/crash.jsp
#

---------------  T H R E A D  ---------------

Current thread (0x00000000003ab800):  JavaThread "Unknown thread" [_thread_in_vm, id=6592, stack(0x0000000002600000,0x0000000002700000)]

Stack: [0x0000000002600000,0x0000000002700000]
[error occurred during error reporting (printing stack bounds), id 0xc0000005]


---------------  P R O C E S S  ---------------

Java Threads: ( => current thread )

Other Threads:

=>0x00000000003ab800 (exited) JavaThread "Unknown thread" [_thread_in_vm, id=6592, stack(0x0000000002600000,0x0000000002700000)]

VM state:not at safepoint (not fully initialized)

VM Mutex/Monitor currently owned by a thread: None

Dynamic libraries:
0x0000000000400000 - 0x000000000042e000 	C:\Program Files\Java\jre6\bin\javaw.exe
0x0000000077550000 - 0x00000000776fc000 	C:\WINDOWS\SYSTEM32\ntdll.dll
0x0000000077330000 - 0x000000007744f000 	C:\WINDOWS\system32\kernel32.dll
0x000007fefd6d0000 - 0x000007fefd73c000 	C:\WINDOWS\system32\KERNELBASE.dll
0x000007fefd970000 - 0x000007fefda4b000 	C:\WINDOWS\system32\ADVAPI32.dll
0x000007fefdc60000 - 0x000007fefdcff000 	C:\WINDOWS\system32\msvcrt.dll
0x000007feff840000 - 0x000007feff85f000 	C:\WINDOWS\SYSTEM32\sechost.dll
0x000007fefed80000 - 0x000007fefeeae000 	C:\WINDOWS\system32\RPCRT4.dll
0x0000000077450000 - 0x000000007754a000 	C:\WINDOWS\system32\USER32.dll
0x000007fefd8b0000 - 0x000007fefd917000 	C:\WINDOWS\system32\GDI32.dll
0x000007feff1b0000 - 0x000007feff1be000 	C:\WINDOWS\system32\LPK.dll
0x000007fefdd00000 - 0x000007fefddca000 	C:\WINDOWS\system32\USP10.dll
0x000007fefd880000 - 0x000007fefd8ae000 	C:\WINDOWS\system32\IMM32.DLL
0x000007feff2a0000 - 0x000007feff3a9000 	C:\WINDOWS\system32\MSCTF.dll
0x0000000010000000 - 0x000000001004c000 	C:\WINDOWS\system32\AMINIT64.DLL
0x000000006d7f0000 - 0x000000006dfa8000 	C:\Program Files\Java\jre6\bin\server\jvm.dll
0x000007fefb930000 - 0x000007fefb96b000 	C:\WINDOWS\system32\WINMM.dll
0x000000006d760000 - 0x000000006d76e000 	C:\Program Files\Java\jre6\bin\verify.dll
0x000000006d3b0000 - 0x000000006d3d7000 	C:\Program Files\Java\jre6\bin\java.dll
0x000000006d7b0000 - 0x000000006d7c2000 	C:\Program Files\Java\jre6\bin\zip.dll
0x0000000077710000 - 0x0000000077717000 	C:\WINDOWS\system32\PSAPI.DLL

VM Arguments:
jvm_args: -Dfile.encoding=Cp1252 -Xbootclasspath:C:\Program Files (x86)\Android\android-new\platforms\android-16\android.jar 
java_command: com.android.livesc.util.MatchDataUtil
Launcher Type: SUN_STANDARD

Environment Variables:
JAVA_HOME=C:\Program Files (x86)\Java\jdk1.6.0_29
JRE_HOME=C:\Program Files (x86)\Java\jdk1.6.0_29\jre
CLASSPATH=.;C:\Program Files (x86)\Java\jre6\lib\ext\QTJava.zip
PATH=C:\Program Files (x86)\RSA SecurID Token Common;C:\WINDOWS\system32;C:\WINDOWS;C:\WINDOWS\System32\Wbem;C:\WINDOWS\System32\WindowsPowerShell\v1.0\;C:\Program Files (x86)\Java\jdk1.6.0_29\bin;C:\Users\krameshkumar\Documents\My Received Files\tedinstaller-4.3.0\maven-2.2.1\bin;C:\Program Files (x86)\Git\cmd;C:\Program Files\TortoiseSVN\bin;C:\Karthick\Downloads\apache-ant-1.8.3\bin;C:\Program Files (x86)\QuickTime\QTSystem\;C:\Program Files\Common Files\Hitachi ID\;C:\Python27;C:\Program Files (x86)\nodejs\;C:\Users\krameshkumar\AppData\Roaming\npm\
USERNAME=krameshkumar
OS=Windows_NT
PROCESSOR_IDENTIFIER=Intel64 Family 6 Model 42 Stepping 7, GenuineIntel



---------------  S Y S T E M  ---------------

OS: Windows 7 , 64 bit Build 7600 

CPU:total 2 (2 cores per cpu, 2 threads per core) family 6 model 42 stepping 7, cmov, cx8, fxsr, mmx, sse, sse2, sse3, ssse3, sse4.1, sse4.2, popcnt, ht

Memory: 4k page, physical 8344512k(3532492k free), swap 16687124k(10051568k free)

vm_info: Java HotSpot(TM) 64-Bit Server VM (20.4-b02) for windows-amd64 JRE (1.6.0_29-b11), built on Oct  3 2011 01:06:42 by "java_re" with MS VC++ 8.0 (VS2005)

time: Wed Sep 19 12:08:32 2012
elapsed time: 0 seconds

